DEBUG: loading module main from /Users/jonas/Documents/my_own_stuff/own_repos/rae-lang-dev/rae/compiler/tests/cases/371_string_overhaul/main.rae
DEBUG: loading module core from ../lib/core.rae
DEBUG: loading module io from ../lib/io.rae
DEBUG: loading module string from ../lib/string.rae
DEBUG: merging module core
DEBUG: merging module io
DEBUG: merging module string
DEBUG: merging module main
DEBUG: ensure_type_match expected=3 got=3
DEBUG: ensure_type_match expected=4 got=4
DEBUG: ensure_type_match expected=4 got=4
DEBUG: ensure_type_match expected=3 got=3
DEBUG: ensure_type_match expected=5 got=5
DEBUG: ensure_type_match expected=1 got=1
DEBUG: ensure_type_match expected=9 got=9
DEBUG: ensure_type_match expected=5 got=5
DEBUG: ensure_type_match expected=5 got=5
DEBUG: ensure_type_match expected=13 got=13
DEBUG: ensure_type_match expected=5 got=5
DEBUG: ensure_type_match expected=3 got=3
DEBUG: ensure_type_match expected=1 got=1
DEBUG: ensure_type_match expected=5 got=5
DEBUG: ensure_type_match expected=3 got=3
DEBUG: ensure_type_match expected=5 got=5
DEBUG: ensure_type_match expected=5 got=5
DEBUG: ensure_type_match expected=3 got=3
DEBUG: ensure_type_match expected=5 got=5
DEBUG: ensure_type_match expected=5 got=5
DEBUG: ensure_type_match expected=2 got=2
DEBUG: ensure_type_match expected=5 got=5
DEBUG: ensure_type_match expected=3 got=3
DEBUG: ensure_type_match expected=5 got=5
DEBUG: ensure_type_match expected=5 got=5
DEBUG: ensure_type_match expected=5 got=5
DEBUG: ensure_type_match expected=5 got=5
DEBUG: ensure_type_match expected=3 got=3
DEBUG: ensure_type_match expected=3 got=3
DEBUG: ensure_type_match expected=5 got=5
DEBUG: ensure_type_match expected=5 got=5
DEBUG: ensure_type_match expected=5 got=5
DEBUG: ensure_type_match expected=2 got=2
DEBUG: ensure_type_match expected=5 got=5
DEBUG: ensure_type_match expected=5 got=5
DEBUG: ensure_type_match expected=2 got=2
DEBUG: ensure_type_match expected=5 got=5
DEBUG: ensure_type_match expected=5 got=5
DEBUG: ensure_type_match expected=2 got=2
DEBUG: ensure_type_match expected=5 got=5
DEBUG: ensure_type_match expected=5 got=5
DEBUG: ensure_type_match expected=3 got=3
DEBUG: ensure_type_match expected=5 got=5
DEBUG: ensure_type_match expected=5 got=5
DEBUG: ensure_type_match expected=1 got=1
DEBUG: ensure_type_match expected=5 got=5
DEBUG: ensure_type_match expected=5 got=5
DEBUG: ensure_type_match expected=3 got=3
DEBUG: ensure_type_match expected=1 got=1
DEBUG: ensure_type_match expected=3 got=3
DEBUG: ensure_type_match expected=3 got=3
DEBUG: ensure_type_match expected=5 got=5
DEBUG: ensure_type_match expected=3 got=3
DEBUG: ensure_type_match expected=3 got=3
DEBUG: ensure_type_match expected=5 got=5
DEBUG: ensure_type_match expected=1 got=1
DEBUG: ensure_type_match expected=5 got=5
DEBUG: ensure_type_match expected=5 got=5
DEBUG: ensure_type_match expected=1 got=1
DEBUG: ensure_type_match expected=5 got=5
DEBUG: ensure_type_match expected=5 got=5
DEBUG: ensure_type_match expected=5 got=5
DEBUG: ensure_type_match expected=3 got=3
DEBUG: ensure_type_match expected=5 got=5
DEBUG: ensure_type_match expected=5 got=5
DEBUG: ensure_type_match expected=3 got=3
DEBUG: ensure_type_match expected=5 got=5
DEBUG: ensure_type_match expected=5 got=5
DEBUG: ensure_type_match expected=4 got=4
DEBUG: ensure_type_match expected=5 got=5
DEBUG: ensure_type_match expected=3 got=3
DEBUG: ensure_type_match expected=5 got=5
DEBUG: ensure_type_match expected=3 got=3
DEBUG: ensure_type_match expected=3 got=3
DEBUG: ensure_type_match expected=3 got=3
DEBUG: ensure_type_match expected=1 got=1
DEBUG: ensure_type_match expected=9 got=13
DEBUG: ensure_type_match expected=5 got=5
DEBUG: ensure_type_match expected=5 got=5
